<?xml version="1.0" encoding="UTF-8"?>
<testng-results skipped="0" failed="0" ignored="0" total="1" passed="1">
  <reporter-output>
  </reporter-output>
  <suite name="Default suite" duration-ms="15215" started-at="2019-11-24T19:33:21 IST" finished-at="2019-11-24T19:33:36 IST">
    <groups>
    </groups>
    <test name="Default test" duration-ms="15215" started-at="2019-11-24T19:33:21 IST" finished-at="2019-11-24T19:33:36 IST">
      <class name="com.tuts.webTableTest.TestingOFSameXpath">
        <test-method status="PASS" signature="webTableTesting()[pri:0, instance:com.tuts.webTableTest.TestingOFSameXpath@2ac273d3]" name="webTableTesting" duration-ms="10101" started-at="2019-11-24T19:33:21 IST" finished-at="2019-11-24T19:33:31 IST">
          <reporter-output>
          </reporter-output>
        </test-method> <!-- webTableTesting -->
        <test-method status="PASS" signature="browserTrunket()[pri:0, instance:com.tuts.webTableTest.TestingOFSameXpath@2ac273d3]" name="browserTrunket" is-config="true" duration-ms="5081" started-at="2019-11-24T19:33:31 IST" finished-at="2019-11-24T19:33:36 IST">
          <reporter-output>
          </reporter-output>
        </test-method> <!-- browserTrunket -->
      </class> <!-- com.tuts.webTableTest.TestingOFSameXpath -->
    </test> <!-- Default test -->
  </suite> <!-- Default suite -->
</testng-results>
